[2026-04-10 17:16:18,447][root][INFO] - Config:
app:
  feature_file: /net/fowler/vol1/shared/fisseq/LMNA_T6_T7_R1/output/well4-5-6_grid.cellprofiler_111925.cells_full.csv
  label_col: aaChanges
  wt_label: WT
  out_dir: /net/fowler/vol1/shared/FISSEQ_CP_analysis_010725/feature_selection/results/2026-04-09/ovwt/T7_R1
  log_level: INFO
  seed: 42
  feature_cols: null
xgboost:
  num_boost_round: 100
  early_stopping_rounds: 5
  weigh_samples: true
  params:
    nthread: -1
    max_depth: 3
    colsample_bytree: 0.7
    colsample_bylevel: 0.7
    colsample_bynode: 0.7
    subsample: 0.5

[2026-04-10 17:16:18,447][root][INFO] - Reading feature file: /net/fowler/vol1/shared/fisseq/LMNA_T6_T7_R1/output/well4-5-6_grid.cellprofiler_111925.cells_full.csv
[2026-04-10 17:16:18,561][root][INFO] - Config:
app:
  feature_file: /net/fowler/vol1/shared/fisseq/LMNA_T6_T7_R2/output/well1-2-3_grid.cellprofiler_111925.cells_full.csv
  label_col: aaChanges
  wt_label: WT
  out_dir: /net/fowler/vol1/shared/FISSEQ_CP_analysis_010725/feature_selection/results/2026-04-09/ovwt/T7_R2
  log_level: INFO
  seed: 42
  feature_cols: null
xgboost:
  num_boost_round: 100
  early_stopping_rounds: 5
  weigh_samples: true
  params:
    nthread: -1
    max_depth: 3
    colsample_bytree: 0.7
    colsample_bylevel: 0.7
    colsample_bynode: 0.7
    subsample: 0.5

[2026-04-10 17:16:18,561][root][INFO] - Reading feature file: /net/fowler/vol1/shared/fisseq/LMNA_T6_T7_R2/output/well1-2-3_grid.cellprofiler_111925.cells_full.csv
[2026-04-10 17:22:28,998][root][INFO] - Found 6793 variant(s) to profile
[2026-04-10 17:23:02,543][root][INFO] - Found 7029 variant(s) to profile
