[2026-04-10 17:09:59,407][root][INFO] - Config:
app:
  feature_file: /net/fowler/vol1/shared/fisseq/LMNA_T1_T5_2025-10-20/output/well4-5-6_grid.cellprofilercycle0_111925.cells_full.csv
  label_col: aaChanges
  wt_label: WT
  out_dir: /net/fowler/vol1/shared/FISSEQ_CP_analysis_010725/feature_selection/results/2026-04-09/ovwt/T5_R2
  log_level: INFO
  seed: 42
  feature_cols: null
xgboost:
  num_boost_round: 100
  early_stopping_rounds: 5
  weigh_samples: true
  params:
    nthread: -1
    max_depth: 3
    colsample_bytree: 0.7
    colsample_bylevel: 0.7
    colsample_bynode: 0.7
    subsample: 0.5

[2026-04-10 17:09:59,407][root][INFO] - Reading feature file: /net/fowler/vol1/shared/fisseq/LMNA_T1_T5_2025-10-20/output/well4-5-6_grid.cellprofilercycle0_111925.cells_full.csv
[2026-04-10 17:14:29,907][root][INFO] - Found 6323 variant(s) to profile
